
> vsn-mockup-machine@0.0.0 type-check
> tsc

components/canvas/CanvasFlow.tsx(259,27): error TS2345: Argument of type '{ current: number; total: number; }' is not assignable to parameter of type 'SetStateAction<{ current: number; total: number; fileName: string; }>'.
  Property 'fileName' is missing in type '{ current: number; total: number; }' but required in type '{ current: number; total: number; fileName: string; }'.
hooks/useLayout.ts(5,7): error TS2741: Property 'onConfigurationModalOpen' is missing in type '{ subscriptionStatus: null; isAuthenticated: null; isCheckingAuth: true; onSubscriptionModalOpen: () => void; onCreditPackagesModalOpen: () => void; setSubscriptionStatus: () => void; registerUnsavedOutputsHandler: () => void; registerResetHandler: () => void; }' but required in type 'LayoutContextValue'.
liveblocks.config.ts(24,23): error TS2344: Type 'LiveObject<Node<SerializableFlowNodeData>>' does not satisfy the constraint 'Lson'.
  Type 'LiveObject<Node<SerializableFlowNodeData>>' is not assignable to type 'LiveObject<LsonObject>'.
    The types returned by 'toObject()' are incompatible between these types.
      Type 'Node<SerializableFlowNodeData>' is not assignable to type 'LsonObject'.
        Property 'data' is incompatible with index signature.
          Type 'SerializableFlowNodeData' is not assignable to type 'Lson'.
            Type 'SerializableFlowNodeData' is missing the following properties from type 'Json[]': length, pop, push, concat, and 29 more.
liveblocks.config.ts(24,34): error TS2344: Type 'Node<SerializableFlowNodeData>' does not satisfy the constraint 'LsonObject'.
  Property 'data' is incompatible with index signature.
    Type 'SerializableFlowNodeData' is not assignable to type 'Lson'.
      Type 'SerializableFlowNodeData' is missing the following properties from type 'Json[]': length, pop, push, concat, and 29 more.
liveblocks.config.ts(25,23): error TS2344: Type 'LiveObject<Edge>' does not satisfy the constraint 'Lson'.
  Type 'LiveObject<Edge>' is not assignable to type 'LiveObject<LsonObject>'.
    The types returned by 'toObject()' are incompatible between these types.
      Type 'Edge' is not assignable to type 'LsonObject'.
        Property 'data' is incompatible with index signature.
          Type 'Record<string, unknown>' is not assignable to type 'Lson'.
            Type 'Record<string, unknown>' is missing the following properties from type 'Json[]': length, pop, push, concat, and 29 more.
liveblocks.config.ts(25,34): error TS2344: Type 'Edge' does not satisfy the constraint 'LsonObject'.
  Property 'data' is incompatible with index signature.
    Type 'Record<string, unknown>' is not assignable to type 'Lson'.
      Type 'Record<string, unknown>' is missing the following properties from type 'Json[]': length, pop, push, concat, and 29 more.
pages/CommunityPresetsPage.tsx(765,11): error TS2719: Type '(data: PresetFormData) => Promise<void>' is not assignable to type '(data: PresetFormData) => Promise<void>'. Two different types with this name exist, but they are unrelated.
  Types of parameters 'data' and 'data' are incompatible.
    Type 'PresetFormData' is not assignable to type 'PresetFormData'. Two different types with this name exist, but they are unrelated.
      Types of property 'model' are incompatible.
        Type 'string' is not assignable to type 'GeminiModel'.
pages/CommunityPresetsPage.tsx(766,11): error TS2322: Type 'PresetFormData' is not assignable to type 'Partial<PresetFormData>'.
  Types of property 'aspectRatio' are incompatible.
    Type 'import("Z:/Cursor/vsn-mockup-machine/types").AspectRatio' is not assignable to type 'AspectRatio'.
      Type '"2:3"' is not assignable to type 'AspectRatio'.
server/routes/mockups.ts(754,48): error TS2345: Argument of type 'import("Z:/Cursor/vsn-mockup-machine/types").GeminiModel' is not assignable to parameter of type 'import("Z:/Cursor/vsn-mockup-machine/server/utils/usageTracking").GeminiModel'.
  Type '"gemini-2.5-flash"' is not assignable to type 'GeminiModel'.
utils/generateBrandingPDF.ts(408,23): error TS2345: Argument of type '(item: string) => void' is not assignable to parameter of type '((value: string, index: number, array: string[]) => void) & ((value: { name: string; colors: string[]; psychology: string; }, index: number, array: { name: string; colors: string[]; psychology: string; }[]) => void) & ((value: { ...; }, index: number, array: { ...; }[]) => void)'.
  Type '(item: string) => void' is not assignable to type '(value: { name: string; colors: string[]; psychology: string; }, index: number, array: { name: string; colors: string[]; psychology: string; }[]) => void'.
    Types of parameters 'item' and 'value' are incompatible.
      Type '{ name: string; colors: string[]; psychology: string; }' is not assignable to type 'string'.
utils/generateBrandingPDF.ts(474,23): error TS2345: Argument of type '(item: string) => void' is not assignable to parameter of type '((value: string, index: number, array: string[]) => void) & ((value: { name: string; colors: string[]; psychology: string; }, index: number, array: { name: string; colors: string[]; psychology: string; }[]) => void) & ((value: { ...; }, index: number, array: { ...; }[]) => void)'.
  Type '(item: string) => void' is not assignable to type '(value: { name: string; colors: string[]; psychology: string; }, index: number, array: { name: string; colors: string[]; psychology: string; }[]) => void'.
    Types of parameters 'item' and 'value' are incompatible.
      Type '{ name: string; colors: string[]; psychology: string; }' is not assignable to type 'string'.
utils/generateBrandingPDF.ts(510,23): error TS2345: Argument of type '(item: string) => void' is not assignable to parameter of type '((value: string, index: number, array: string[]) => void) & ((value: { name: string; colors: string[]; psychology: string; }, index: number, array: { name: string; colors: string[]; psychology: string; }[]) => void) & ((value: { ...; }, index: number, array: { ...; }[]) => void)'.
  Type '(item: string) => void' is not assignable to type '(value: { name: string; colors: string[]; psychology: string; }, index: number, array: { name: string; colors: string[]; psychology: string; }[]) => void'.
    Types of parameters 'item' and 'value' are incompatible.
      Type '{ name: string; colors: string[]; psychology: string; }' is not assignable to type 'string'.
utils/generateBudgetPDF.ts(385,59): error TS2345: Argument of type 'number[]' is not assignable to parameter of type '[number, number, number]'.
  Target requires 3 element(s) but source may have fewer.
utils/generateBudgetPDF.ts(389,66): error TS2345: Argument of type 'number[]' is not assignable to parameter of type '[number, number, number]'.
  Target requires 3 element(s) but source may have fewer.
utils/generateBudgetPDF.ts(401,119): error TS2345: Argument of type 'number[]' is not assignable to parameter of type '[number, number, number]'.
  Target requires 3 element(s) but source may have fewer.
utils/generateBudgetPDF.ts(422,60): error TS2345: Argument of type 'number[]' is not assignable to parameter of type '[number, number, number]'.
  Target requires 3 element(s) but source may have fewer.
utils/generateBudgetPDF.ts(423,65): error TS2345: Argument of type 'number[]' is not assignable to parameter of type '[number, number, number]'.
  Target requires 3 element(s) but source may have fewer.
utils/generateBudgetPDF.ts(429,58): error TS2345: Argument of type 'number[]' is not assignable to parameter of type '[number, number, number]'.
  Target requires 3 element(s) but source may have fewer.
utils/generateBudgetPDF.ts(434,119): error TS2345: Argument of type 'number[]' is not assignable to parameter of type '[number, number, number]'.
  Target requires 3 element(s) but source may have fewer.
utils/generateBudgetPDF.ts(442,86): error TS2345: Argument of type 'number[]' is not assignable to parameter of type '[number, number, number]'.
  Target requires 3 element(s) but source may have fewer.
utils/generateBudgetPDF.ts(449,67): error TS2345: Argument of type 'number[]' is not assignable to parameter of type '[number, number, number]'.
  Target requires 3 element(s) but source may have fewer.
utils/generateBudgetPDF.ts(461,53): error TS2345: Argument of type 'number[]' is not assignable to parameter of type '[number, number, number]'.
  Target requires 3 element(s) but source may have fewer.
utils/generateBudgetPDF.ts(464,57): error TS2345: Argument of type 'number[]' is not assignable to parameter of type '[number, number, number]'.
  Target requires 3 element(s) but source may have fewer.
utils/generateBudgetPDF.ts(467,59): error TS2345: Argument of type 'number[]' is not assignable to parameter of type '[number, number, number]'.
  Target requires 3 element(s) but source may have fewer.
utils/generateBudgetPDF.ts(470,69): error TS2345: Argument of type 'number[]' is not assignable to parameter of type '[number, number, number]'.
  Target requires 3 element(s) but source may have fewer.
utils/generateBudgetPDF.ts(472,65): error TS2345: Argument of type 'number[]' is not assignable to parameter of type '[number, number, number]'.
  Target requires 3 element(s) but source may have fewer.
utils/generateBudgetPDF.ts(474,75): error TS2345: Argument of type 'number[]' is not assignable to parameter of type '[number, number, number]'.
  Target requires 3 element(s) but source may have fewer.
utils/generateBudgetPDF.ts(480,72): error TS2345: Argument of type 'number[]' is not assignable to parameter of type '[number, number, number]'.
  Target requires 3 element(s) but source may have fewer.
utils/generateBudgetPDF.ts(481,97): error TS2345: Argument of type 'number[]' is not assignable to parameter of type '[number, number, number]'.
  Target requires 3 element(s) but source may have fewer.
utils/generateBudgetPDF.ts(515,54): error TS2345: Argument of type 'number[]' is not assignable to parameter of type '[number, number, number]'.
  Target requires 3 element(s) but source may have fewer.
utils/generateBudgetPDF.ts(520,57): error TS2345: Argument of type 'number[]' is not assignable to parameter of type '[number, number, number]'.
  Target requires 3 element(s) but source may have fewer.
utils/generateBudgetPDF.ts(526,143): error TS2345: Argument of type 'number[]' is not assignable to parameter of type '[number, number, number]'.
  Target requires 3 element(s) but source may have fewer.
utils/generateCustomBudgetPDF.ts(143,9): error TS2322: Type '[number, number, number] | RGB' is not assignable to type 'Color'.
  Type '[number, number, number]' is not assignable to type 'Color'.
utils/localeUtils.ts(17,3): error TS2719: Type '{ branding: { title: string; subtitle: string; describeYourBrand: string; describeYourBrandDescription: string; promptPlaceholder: string; startAnalysis: string; starting: string; steps: { mercadoNicho: string; ... 12 more ...; archetypes: string; }; ... 62 more ...; myBrandings: { ...; }; }; ... 47 more ...; storag...' is not assignable to type '{ branding: { title: string; subtitle: string; describeYourBrand: string; describeYourBrandDescription: string; promptPlaceholder: string; startAnalysis: string; starting: string; steps: { mercadoNicho: string; ... 12 more ...; archetypes: string; }; ... 62 more ...; myBrandings: { ...; }; }; ... 47 more ...; storag...'. Two different types with this name exist, but they are unrelated.
  The types of '"canvasNodes"["brandCore"]' are incompatible between these types.
    Type '{ title: string; promptCopied: string; uploadHandlerNotReady: string; pleaseSelectImageFile: string; fileSizeExceedsLimit: string; logoUploadedSuccessfully: string; pdfUploadedSuccessfully: string; ... 14 more ...; uploaded: string; }' is missing the following properties from type '{ title: string; promptCopied: string; uploadHandlerNotReady: string; pleaseSelectImageFile: string; fileSizeExceedsLimit: string; logoUploadedSuccessfully: string; pdfUploadedSuccessfully: string; ... 16 more ...; output: string; }': "strategy", "output"
utils/shaders/shaderRenderer.ts(13,40): error TS2459: Module '"./shaders/halftone"' declares 'HalftoneVariant' locally, but it is not exported.
utils/shaders/shaderRenderer.ts(878,52): error TS2345: Argument of type 'HTMLCanvasElement' is not assignable to parameter of type 'string | HTMLImageElement'.
  Type 'HTMLCanvasElement' is missing the following properties from type 'HTMLImageElement': align, alt, border, complete, and 21 more.
